<?xml version="1.0" encoding="UTF-8"?>
<!-- Generated by org.testng.reporters.JUnitReportReporter -->
<testsuite hostname="DESKTOP-IU8DGVT" name="feb16.Aaa" tests="1" failures="0" timestamp="17 Feb 2018 00:23:17 GMT" time="0.024" errors="0">
  <testcase name="a" time="0.024" classname="feb16.Aaa"/>
</testsuite> <!-- feb16.Aaa -->
