<?xml version="1.0" encoding="UTF-8"?>
<!-- Generated by org.testng.reporters.JUnitReportReporter -->
<testsuite hostname="DESKTOP-IU8DGVT" name="feb07.AbcTest" tests="1" failures="0" timestamp="7 Feb 2018 22:12:04 GMT" time="0.015" errors="0">
  <testcase name="test1" time="0.015" classname="feb07.AbcTest"/>
</testsuite> <!-- feb07.AbcTest -->
