<?xml version="1.0" encoding="UTF-8"?>
<!-- Generated by org.testng.reporters.JUnitReportReporter -->
<testsuite hostname="DESKTOP-IU8DGVT" name="feb07.Abc" tests="2" failures="0" timestamp="7 Feb 2018 21:57:57 GMT" time="0.001" errors="0">
  <testcase name="test2" time="0.001" classname="feb07.Abc"/>
  <testcase name="test1" time="0.000" classname="feb07.Abc"/>
</testsuite> <!-- feb07.Abc -->
